<?xml version="1.0" encoding="UTF-8"?>
<!-- Generated by org.testng.reporters.JUnitXMLReporter -->
<testsuite hostname="del1-lhp-N61450" ignored="0" name="Test" tests="2" failures="1" timestamp="04 Oct 2019 07:23:58 GMT" time="10.449" errors="0">
  <testcase name="validateInvalidLoginFunctionality" time="5.01" classname="tests.LoginTest">
    <failure type="java.lang.AssertionError">
      <![CDATA[java.lang.AssertionError
at org.junit.Assert.fail(Assert.java:86)
at org.junit.Assert.assertTrue(Assert.java:41)
at org.junit.Assert.assertTrue(Assert.java:52)
at tests.LoginTest.validateInvalidLoginFunctionality(LoginTest.java:25)
... Removed 25 stack frames]]>
    </failure>
  </testcase> <!-- validateInvalidLoginFunctionality -->
  <testcase name="validateLoginFunctionality" time="5.001" classname="tests.LoginTest"/>
</testsuite> <!-- Test -->
